[17:37:27] [main/INFO] (FabricLoader/GameProvider) Loading Minecraft 1.21 with Fabric Loader 0.15.11
[17:37:27] [main/INFO] (FabricLoader) Loading 56 mods:
	- cardinal-components-base 6.1.0
	- cardinal-components-entity 6.1.0
	- fabric-api 0.100.1+1.21
	- fabric-api-base 0.4.42+6573ed8c90
	- fabric-api-lookup-api-v1 1.6.65+b559734490
	- fabric-biome-api-v1 13.0.28+6fc22b9990
	- fabric-block-api-v1 1.0.22+0af3f5a790
	- fabric-block-view-api-v2 1.0.10+6573ed8c90
	- fabric-blockrenderlayer-v1 1.1.52+0af3f5a790
	- fabric-client-tags-api-v1 1.1.15+6573ed8c90
	- fabric-command-api-v1 1.2.48+f71b366f90
	- fabric-command-api-v2 2.2.27+6a6dfa1990
	- fabric-commands-v0 0.2.65+df3654b390
	- fabric-content-registries-v0 8.0.11+b559734490
	- fabric-convention-tags-v1 2.0.12+7f945d5b90
	- fabric-convention-tags-v2 2.2.1+d153f34490
	- fabric-crash-report-info-v1 0.2.29+0af3f5a790
	- fabric-data-attachment-api-v1 1.1.22+6a6dfa1990
	- fabric-data-generation-api-v1 20.2.6+16c4ae2590
	- fabric-dimensions-v1 4.0.0+6fc22b9990
	- fabric-entity-events-v1 1.6.12+6fc22b9990
	- fabric-events-interaction-v0 0.7.10+e633f88390
	- fabric-game-rule-api-v1 1.0.52+6573ed8c90
	- fabric-gametest-api-v1 2.0.0+6fc22b9990
	- fabric-item-api-v1 11.0.0+afdfc92190
	- fabric-item-group-api-v1 4.1.0+00ab0a6390
	- fabric-key-binding-api-v1 1.0.47+0af3f5a790
	- fabric-keybindings-v0 0.2.45+df3654b390
	- fabric-lifecycle-events-v1 2.3.9+98a7dbbb90
	- fabric-loot-api-v2 3.0.9+6573ed8c90
	- fabric-message-api-v1 6.0.13+6573ed8c90
	- fabric-model-loading-api-v1 2.0.0+fe474d6b90
	- fabric-networking-api-v1 4.1.0+686dcdce90
	- fabric-object-builder-api-v1 15.1.10+d132107690
	- fabric-particles-v1 4.0.2+6573ed8c90
	- fabric-recipe-api-v1 5.0.8+6573ed8c90
	- fabric-registry-sync-v0 5.0.21+b9828ba390
	- fabric-renderer-api-v1 3.2.16+fe474d6b90
	- fabric-renderer-indigo 1.6.3+cc9f121a90
	- fabric-renderer-registries-v1 3.2.66+df3654b390
	- fabric-rendering-data-attachment-v1 0.3.48+73761d2e90
	- fabric-rendering-fluids-v1 3.1.6+b559734490
	- fabric-rendering-v0 1.1.69+df3654b390
	- fabric-rendering-v1 5.0.3+d132107690
	- fabric-resource-conditions-api-v1 4.2.1+d153f34490
	- fabric-resource-loader-v0 1.1.3+b559734490
	- fabric-screen-api-v1 2.0.24+b559734490
	- fabric-screen-handler-api-v1 1.3.78+b559734490
	- fabric-sound-api-v1 1.0.23+6573ed8c90
	- fabric-transfer-api-v1 5.1.12+b559734490
	- fabric-transitive-access-wideners-v1 6.0.12+6573ed8c90
	- fabricloader 0.15.11
	- java 21
	- minecraft 1.21
	- mixinextras 0.3.5
	- soul_gathering 2.0.0
[17:37:28] [main/INFO] (FabricLoader/Mixin) SpongePowered MIXIN Subsystem Version=0.8.5 Source=file:/C:/Users/jacob/.gradle/caches/modules-2/files-2.1/net.fabricmc/sponge-mixin/0.13.3+mixin.0.8.5/9527e6b0d2449408958fd1302594dc65ec5ade9c/sponge-mixin-0.13.3+mixin.0.8.5.jar Service=Knot/Fabric Env=CLIENT
[17:37:28] [main/INFO] (FabricLoader/Mixin) Loaded Fabric development mappings for mixin remapper!
[17:37:28] [main/INFO] (FabricLoader/Mixin) Compatibility level set to JAVA_17
[17:37:30] [main/INFO] (FabricLoader/MixinExtras|Service) Initializing MixinExtras via com.llamalad7.mixinextras.service.MixinExtrasServiceImpl(version=0.3.5).
[17:37:31] [Datafixer Bootstrap/INFO] (Minecraft) 226 Datafixer optimizations took 455 milliseconds
[17:37:39] [Render thread/INFO] (Minecraft) Environment: Environment[sessionHost=https://sessionserver.mojang.com, servicesHost=https://api.minecraftservices.com, name=PROD]
[17:37:39] [Render thread/INFO] (Minecraft) Setting user: Player180
[17:37:39] [Render thread/INFO] (soul_gathering) Initializing Soul Gathering
[17:37:40] [Render thread/INFO] (Indigo) [Indigo] Registering Indigo renderer!
[17:37:40] [Render thread/INFO] (Minecraft) Backend library: LWJGL version 3.3.3-snapshot
[17:37:42] [Render thread/INFO] (Minecraft) Reloading ResourceManager: vanilla, fabric, cardinal-components-base, cardinal-components-entity, fabric-api, fabric-api-base, fabric-api-lookup-api-v1, fabric-biome-api-v1, fabric-block-api-v1, fabric-block-view-api-v2, fabric-blockrenderlayer-v1, fabric-client-tags-api-v1, fabric-command-api-v1, fabric-command-api-v2, fabric-commands-v0, fabric-content-registries-v0, fabric-convention-tags-v1, fabric-convention-tags-v2, fabric-crash-report-info-v1, fabric-data-attachment-api-v1, fabric-data-generation-api-v1, fabric-dimensions-v1, fabric-entity-events-v1, fabric-events-interaction-v0, fabric-game-rule-api-v1, fabric-gametest-api-v1, fabric-item-api-v1, fabric-item-group-api-v1, fabric-key-binding-api-v1, fabric-keybindings-v0, fabric-lifecycle-events-v1, fabric-loot-api-v2, fabric-message-api-v1, fabric-model-loading-api-v1, fabric-networking-api-v1, fabric-object-builder-api-v1, fabric-particles-v1, fabric-recipe-api-v1, fabric-registry-sync-v0, fabric-renderer-api-v1, fabric-renderer-indigo, fabric-renderer-registries-v1, fabric-rendering-data-attachment-v1, fabric-rendering-fluids-v1, fabric-rendering-v0, fabric-rendering-v1, fabric-resource-conditions-api-v1, fabric-resource-loader-v0, fabric-screen-api-v1, fabric-screen-handler-api-v1, fabric-sound-api-v1, fabric-transfer-api-v1, fabric-transitive-access-wideners-v1, fabricloader, soul_gathering
[17:37:42] [Worker-Main-12/INFO] (Minecraft) Found unifont_all_no_pua-15.1.05.hex, loading
[17:37:42] [Worker-Main-10/INFO] (Minecraft) Found unifont_jp_patch-15.1.05.hex, loading
[17:37:45] [Render thread/WARN] (Minecraft) Missing sound for event: minecraft:item.goat_horn.play
[17:37:45] [Render thread/WARN] (Minecraft) Missing sound for event: minecraft:entity.goat.screaming.horn_break
[17:37:46] [Render thread/INFO] (Minecraft) OpenAL initialized on device OpenAL Soft on Speakers (Realtek(R) Audio)
[17:37:46] [Render thread/INFO] (Minecraft) Sound engine started
[17:37:46] [Render thread/INFO] (Minecraft) Created: 1024x512x4 minecraft:textures/atlas/blocks.png-atlas
[17:37:47] [Render thread/INFO] (Minecraft) Created: 256x256x4 minecraft:textures/atlas/signs.png-atlas
[17:37:47] [Render thread/INFO] (Minecraft) Created: 512x512x4 minecraft:textures/atlas/banner_patterns.png-atlas
[17:37:47] [Render thread/INFO] (Minecraft) Created: 512x512x4 minecraft:textures/atlas/shield_patterns.png-atlas
[17:37:47] [Render thread/INFO] (Minecraft) Created: 1024x1024x4 minecraft:textures/atlas/armor_trims.png-atlas
[17:37:48] [Render thread/INFO] (Minecraft) Created: 256x256x4 minecraft:textures/atlas/chest.png-atlas
[17:37:48] [Render thread/INFO] (Minecraft) Created: 128x64x4 minecraft:textures/atlas/decorated_pot.png-atlas
[17:37:48] [Render thread/INFO] (Minecraft) Created: 512x256x4 minecraft:textures/atlas/beds.png-atlas
[17:37:48] [Render thread/INFO] (Minecraft) Created: 512x256x4 minecraft:textures/atlas/shulker_boxes.png-atlas
[17:37:48] [Render thread/INFO] (Minecraft) Created: 512x256x0 minecraft:textures/atlas/particles.png-atlas
[17:37:48] [Render thread/INFO] (Minecraft) Created: 512x256x0 minecraft:textures/atlas/paintings.png-atlas
[17:37:48] [Render thread/INFO] (Minecraft) Created: 256x128x0 minecraft:textures/atlas/mob_effects.png-atlas
[17:37:48] [Render thread/INFO] (Minecraft) Created: 64x64x0 minecraft:textures/atlas/map_decorations.png-atlas
[17:37:48] [Render thread/INFO] (Minecraft) Created: 1024x512x0 minecraft:textures/atlas/gui.png-atlas
[17:37:49] [Render thread/WARN] (Minecraft) Shader rendertype_entity_translucent_emissive could not find sampler named Sampler2 in the specified shader program.
[17:38:01] [Render thread/INFO] (Minecraft) Loaded 1290 recipes
[17:38:01] [Render thread/INFO] (Minecraft) Loaded 1399 advancements
[17:38:01] [Render thread/INFO] (BiomeModificationImpl) Applied 0 biome modifications to 0 of 64 new biomes in 1.703 ms
[17:38:01] [Server thread/INFO] (Minecraft) Starting integrated minecraft server version 1.21
[17:38:01] [Server thread/INFO] (Minecraft) Generating keypair
[17:38:03] [Server thread/INFO] (Minecraft) Preparing start region for dimension minecraft:overworld
[17:38:04] [Render thread/INFO] (Minecraft) Preparing spawn area: 0%
[17:38:04] [Render thread/INFO] (Minecraft) Preparing spawn area: 0%
[17:38:04] [Render thread/INFO] (Minecraft) Time elapsed: 807 ms
[17:38:04] [Server thread/INFO] (Minecraft) Changing view distance to 12, from 10
[17:38:04] [Server thread/INFO] (Minecraft) Changing simulation distance to 12, from 0
[17:38:06] [Server thread/INFO] (Minecraft) Player180[local:E:a32be62f] logged in with entity id 104 at (-26.479997913605732, 63.0, 57.29822764819047)
[17:38:06] [Server thread/INFO] (Minecraft) Player180 joined the game
[17:38:07] [Render thread/INFO] (Minecraft) Loaded 2 advancements
[17:38:10] [Server thread/INFO] (Minecraft) Saving and pausing game...
[17:38:10] [Server thread/INFO] (Minecraft) Saving chunks for level 'ServerLevel[New World]'/minecraft:overworld
[17:38:10] [Server thread/INFO] (Minecraft) Saving chunks for level 'ServerLevel[New World]'/minecraft:the_end
[17:38:10] [Server thread/INFO] (Minecraft) Saving chunks for level 'ServerLevel[New World]'/minecraft:the_nether
[17:38:19] [Render thread/WARN] (Minecraft) Unable to play empty soundEvent: minecraft:entity.cod.ambient
[17:38:21] [Server thread/INFO] (Minecraft) [Player180: Player180's soul count is currently at 2 percent]
[17:38:21] [Render thread/INFO] (Minecraft) [System] [CHAT] Player180's soul count is currently at 2 percent
[17:38:31] [Server thread/INFO] (Minecraft) [Player180: Player180 currently has 192 souls]
[17:38:31] [Render thread/INFO] (Minecraft) [System] [CHAT] Player180 currently has 192 souls
[17:39:05] [Server thread/INFO] (Minecraft) [Player180: Set Player180's soul count to 0]
[17:39:05] [Render thread/INFO] (Minecraft) [System] [CHAT] Set Player180's soul count to 0
[17:39:28] [Server thread/INFO] (Minecraft) [Player180: Set own game mode to Survival Mode]
[17:39:28] [Render thread/INFO] (Minecraft) [System] [CHAT] Set own game mode to Survival Mode
[17:39:38] [Render thread/INFO] (Minecraft) Loaded 38 advancements
[17:39:39] [Render thread/INFO] (Minecraft) Loaded 39 advancements
[17:39:39] [Render thread/INFO] (Minecraft) Loaded 42 advancements
[17:39:42] [Server thread/INFO] (Minecraft) [Player180: Player180 currently has 0 souls]
[17:39:42] [Render thread/INFO] (Minecraft) [System] [CHAT] Player180 currently has 0 souls
[17:40:20] [Server thread/INFO] (Minecraft) [Player180: Player180 currently has 0 souls]
[17:40:20] [Render thread/INFO] (Minecraft) [System] [CHAT] Player180 currently has 0 souls
[17:40:22] [Server thread/INFO] (Minecraft) [Player180: Set own game mode to Creative Mode]
[17:40:22] [Render thread/INFO] (Minecraft) [System] [CHAT] Set own game mode to Creative Mode
[17:40:22] [Server thread/INFO] (Minecraft) Saving and pausing game...
[17:40:22] [Server thread/INFO] (Minecraft) Saving chunks for level 'ServerLevel[New World]'/minecraft:overworld
[17:40:22] [Server thread/INFO] (Minecraft) Saving chunks for level 'ServerLevel[New World]'/minecraft:the_end
[17:40:22] [Server thread/INFO] (Minecraft) Saving chunks for level 'ServerLevel[New World]'/minecraft:the_nether
[17:40:42] [Server thread/INFO] (Minecraft) Player180 has made the advancement [Cover Me with Diamonds]
[17:40:42] [Server thread/INFO] (Minecraft) [Player180: Gave 1 [Diamond Chestplate] to Player180]
[17:40:42] [Render thread/INFO] (Minecraft) [System] [CHAT] Player180 has made the advancement [Cover Me with Diamonds]
[17:40:42] [Render thread/INFO] (Minecraft) [System] [CHAT] Gave 1 [Diamond Chestplate] to Player180
[17:40:42] [Render thread/INFO] (Minecraft) Loaded 49 advancements
[17:40:50] [Server thread/INFO] (Minecraft) Saving and pausing game...
[17:40:50] [Server thread/INFO] (Minecraft) Saving chunks for level 'ServerLevel[New World]'/minecraft:overworld
[17:40:50] [Server thread/INFO] (Minecraft) Saving chunks for level 'ServerLevel[New World]'/minecraft:the_end
[17:40:50] [Server thread/INFO] (Minecraft) Saving chunks for level 'ServerLevel[New World]'/minecraft:the_nether
[17:40:51] [Server thread/INFO] (Minecraft) Player180 lost connection: Disconnected
[17:40:51] [Server thread/INFO] (Minecraft) Player180 left the game
[17:40:51] [Server thread/INFO] (Minecraft) Stopping singleplayer server as player logged out
[17:40:51] [Server thread/INFO] (Minecraft) Stopping server
[17:40:51] [Server thread/INFO] (Minecraft) Saving players
[17:40:51] [Server thread/INFO] (Minecraft) Saving worlds
[17:40:51] [Server thread/INFO] (Minecraft) Saving chunks for level 'ServerLevel[New World]'/minecraft:overworld
[17:40:52] [Server thread/INFO] (Minecraft) Saving chunks for level 'ServerLevel[New World]'/minecraft:the_end
[17:40:52] [Server thread/INFO] (Minecraft) Saving chunks for level 'ServerLevel[New World]'/minecraft:the_nether
[17:40:52] [Server thread/INFO] (Minecraft) ThreadedAnvilChunkStorage (New World): All chunks are saved
[17:40:52] [Server thread/INFO] (Minecraft) ThreadedAnvilChunkStorage (DIM1): All chunks are saved
[17:40:52] [Server thread/INFO] (Minecraft) ThreadedAnvilChunkStorage (DIM-1): All chunks are saved
[17:40:52] [Server thread/INFO] (Minecraft) ThreadedAnvilChunkStorage: All dimensions are saved
[17:40:54] [Render thread/INFO] (Minecraft) Stopping!
